********************************************************************************
DUPLICATOR-LITE PACKAGE-LOG: 21 de May de 2021 12:48
NOTICE: Do NOT post to public sites or forums 
********************************************************************************
VERSION:	1.4.0
WORDPRESS:	5.7.2
PHP INFO:	7.4.18 | SAPI: apache2handler
SERVER:		Apache/2.4.47 (Win64) OpenSSL/1.1.1k PHP/7.4.18 
PHP TIME LIMIT: (0) no time limit imposed 
PHP MAX MEMORY: 4294967296 (512M default) 
MEMORY STACK: 8MB

********************************************************************************
DATABASE:
********************************************************************************
BUILD MODE:   MYSQLDUMP
MYSQLTIMEOUT: 5000
MYSQLDUMP:    Is Supported
SQL CREATED: 20210521_7bd482126b32c2b99814_20210521124754_database.sql
SQL FILE SIZE: 1.11MB (1167615)
SQL FILE TIME: 2021-05-21 12:48:30
SQL RUNTIME: 3.81 sec.

********************************************************************************
ARCHIVE (ZIP):
********************************************************************************
ARCHIVE DIR:  C:/xampp74/htdocs/sindicato40
ARCHIVE FILE: 20210521_7bd482126b32c2b99814_20210521124754_archive.zip
FILTERS: *OFF*
DIRS:
	not set
FILES:
	not set
EXTS:  not set
----------------------------------------
COMPRESSING
SIZE:	108.26MB
STATS:	Dirs 500 | Files 3,353
SQL ADDED: 20210521_7bd482126b32c2b99814_20210521124754_database.sql
ZipArchive Object
(
    [status] => 0
    [statusSys] => 0
    [numFiles] => 3853
    [filename] => C:\xampp74\htdocs\sindicato40\wp-content\backups-dup-lite\tmp\20210521_7bd482126b32c2b99814_20210521124754_archive.zip
    [comment] => 
)

FILE ADDED TO ZIP: 3852
COMPRESSION RESULT: '1'
COMPRESSED SIZE: 44.14MB
ARCHIVE RUNTIME: 11.91 sec.
MEMORY STACK: 10MB
building installer
add_extra_files1
add_extra_files2
add_extra_files3
add_extra_files4
Doing archive file check
add_extra_files5
add_extra_files6
add_extra_files8
Successfully opened zip C:/xampp74/htdocs/sindicato40/wp-content/backups-dup-lite/tmp/20210521_7bd482126b32c2b99814_20210521124754_archive.zip
Adding enhanced installer files to archive using ZipArchive
Installer files added to archive
Added to archive
After ziparchive close when adding installer

********************************************************************************
INTEGRITY CHECKS:
********************************************************************************
SQL FILE: 1.11MB
INSTALLER FILE: 63.94KB
ARCHIVE FILE: 45.65MB 
EXPECTED FILE/DIRECTORY COUNT: 3,853
ACTUAL FILE/DIRECTORY COUNT: 3,852
ARCHIVE CONSISTENCY TEST: Pass

********************************************************************************
RECORD ID:[1]
TOTAL PROCESS RUNTIME: 17.16 sec.
PEAK PHP MEMORY USED: 10MB
DONE PROCESSING => 20210521 21 de May de 2021 12:48

